nohup: ignoring input
/home/hantai/anaconda3/envs/py36/lib/python3.6/site-packages/sklearn/externals/joblib/__init__.py:15: FutureWarning: sklearn.externals.joblib is deprecated in 0.21 and will be removed in 0.23. Please import this functionality directly from joblib, which can be installed with: pip install joblib. If this warning is raised when loading pickled models, you may need to re-serialize those models with scikit-learn 0.21+.
  warnings.warn(msg, category=FutureWarning)
/home/hantai/anaconda3/envs/py36/lib/python3.6/site-packages/sklearn/metrics/_classification.py:1272: UndefinedMetricWarning: Precision is ill-defined and being set to 0.0 due to no predicted samples. Use `zero_division` parameter to control this behavior.
  _warn_prf(average, modifier, msg_start, len(result))
/data/hantai/cifar10/all_train_data.pkl
/data/hantai/cifar10/all_test_data.pkl
MLP_normal_2000
normal
./test_yeast5/model_MLP_normal_2000/record_1/MLP_normal_2000_1
./test_yeast5/result_MLP_normal_2000_normal/record_1/
----------------------



(10000, 1)
[[1]
 [0]
 [0]
 [0]
 [0]
 [0]
 [0]
 [0]
 [1]
 [0]]
(10000, 1)
[[0.]
 [0.]
 [0.]
 [0.]
 [0.]
 [0.]
 [0.]
 [0.]
 [0.]
 [0.]]
the AUC is 0.5

the Fscore is 0.0

the precision is 0.0

the recall is 0.0

Done
/home/hantai/anaconda3/envs/py36/lib/python3.6/site-packages/sklearn/externals/joblib/__init__.py:15: FutureWarning: sklearn.externals.joblib is deprecated in 0.21 and will be removed in 0.23. Please import this functionality directly from joblib, which can be installed with: pip install joblib. If this warning is raised when loading pickled models, you may need to re-serialize those models with scikit-learn 0.21+.
  warnings.warn(msg, category=FutureWarning)
/home/hantai/anaconda3/envs/py36/lib/python3.6/site-packages/sklearn/metrics/_classification.py:1272: UndefinedMetricWarning: Precision is ill-defined and being set to 0.0 due to no predicted samples. Use `zero_division` parameter to control this behavior.
  _warn_prf(average, modifier, msg_start, len(result))
/data/hantai/cifar10/all_train_data.pkl
/data/hantai/cifar10/all_test_data.pkl
MLP_normal_2000
normal
./test_yeast5/model_MLP_normal_2000/record_1/MLP_normal_2000_2
./test_yeast5/result_MLP_normal_2000_normal/record_1/
----------------------



(10000, 1)
[[1]
 [0]
 [0]
 [0]
 [0]
 [0]
 [0]
 [0]
 [1]
 [0]]
(10000, 1)
[[0.]
 [0.]
 [0.]
 [0.]
 [0.]
 [0.]
 [0.]
 [0.]
 [0.]
 [0.]]
the AUC is 0.5

the Fscore is 0.0

the precision is 0.0

the recall is 0.0

Done
/home/hantai/anaconda3/envs/py36/lib/python3.6/site-packages/sklearn/externals/joblib/__init__.py:15: FutureWarning: sklearn.externals.joblib is deprecated in 0.21 and will be removed in 0.23. Please import this functionality directly from joblib, which can be installed with: pip install joblib. If this warning is raised when loading pickled models, you may need to re-serialize those models with scikit-learn 0.21+.
  warnings.warn(msg, category=FutureWarning)
/home/hantai/anaconda3/envs/py36/lib/python3.6/site-packages/sklearn/metrics/_classification.py:1272: UndefinedMetricWarning: Precision is ill-defined and being set to 0.0 due to no predicted samples. Use `zero_division` parameter to control this behavior.
  _warn_prf(average, modifier, msg_start, len(result))
/data/hantai/cifar10/all_train_data.pkl
/data/hantai/cifar10/all_test_data.pkl
MLP_normal_2000
normal
./test_yeast5/model_MLP_normal_2000/record_1/MLP_normal_2000_3
./test_yeast5/result_MLP_normal_2000_normal/record_1/
----------------------



(10000, 1)
[[1]
 [0]
 [0]
 [0]
 [0]
 [0]
 [0]
 [0]
 [1]
 [0]]
(10000, 1)
[[0.]
 [0.]
 [0.]
 [0.]
 [0.]
 [0.]
 [0.]
 [0.]
 [0.]
 [0.]]
the AUC is 0.5

the Fscore is 0.0

the precision is 0.0

the recall is 0.0

Done
/home/hantai/anaconda3/envs/py36/lib/python3.6/site-packages/sklearn/externals/joblib/__init__.py:15: FutureWarning: sklearn.externals.joblib is deprecated in 0.21 and will be removed in 0.23. Please import this functionality directly from joblib, which can be installed with: pip install joblib. If this warning is raised when loading pickled models, you may need to re-serialize those models with scikit-learn 0.21+.
  warnings.warn(msg, category=FutureWarning)
/home/hantai/anaconda3/envs/py36/lib/python3.6/site-packages/sklearn/metrics/_classification.py:1272: UndefinedMetricWarning: Precision is ill-defined and being set to 0.0 due to no predicted samples. Use `zero_division` parameter to control this behavior.
  _warn_prf(average, modifier, msg_start, len(result))
/data/hantai/cifar10/all_train_data.pkl
/data/hantai/cifar10/all_test_data.pkl
MLP_normal_2000
normal
./test_yeast5/model_MLP_normal_2000/record_1/MLP_normal_2000_4
./test_yeast5/result_MLP_normal_2000_normal/record_1/
----------------------



(10000, 1)
[[1]
 [0]
 [0]
 [0]
 [0]
 [0]
 [0]
 [0]
 [1]
 [0]]
(10000, 1)
[[0.]
 [0.]
 [0.]
 [0.]
 [0.]
 [0.]
 [0.]
 [0.]
 [0.]
 [0.]]
the AUC is 0.5

the Fscore is 0.0

the precision is 0.0

the recall is 0.0

Done
/home/hantai/anaconda3/envs/py36/lib/python3.6/site-packages/sklearn/externals/joblib/__init__.py:15: FutureWarning: sklearn.externals.joblib is deprecated in 0.21 and will be removed in 0.23. Please import this functionality directly from joblib, which can be installed with: pip install joblib. If this warning is raised when loading pickled models, you may need to re-serialize those models with scikit-learn 0.21+.
  warnings.warn(msg, category=FutureWarning)
/home/hantai/anaconda3/envs/py36/lib/python3.6/site-packages/sklearn/metrics/_classification.py:1272: UndefinedMetricWarning: Precision is ill-defined and being set to 0.0 due to no predicted samples. Use `zero_division` parameter to control this behavior.
  _warn_prf(average, modifier, msg_start, len(result))
/data/hantai/cifar10/all_train_data.pkl
/data/hantai/cifar10/all_test_data.pkl
MLP_normal_2000
normal
./test_yeast5/model_MLP_normal_2000/record_1/MLP_normal_2000_5
./test_yeast5/result_MLP_normal_2000_normal/record_1/
----------------------



(10000, 1)
[[1]
 [0]
 [0]
 [0]
 [0]
 [0]
 [0]
 [0]
 [1]
 [0]]
(10000, 1)
[[0.]
 [0.]
 [0.]
 [0.]
 [0.]
 [0.]
 [0.]
 [0.]
 [0.]
 [0.]]
the AUC is 0.5

the Fscore is 0.0

the precision is 0.0

the recall is 0.0

Done
